[I 2025-04-08 22:17:18,525] Trial 39 finished with value: 0.00037366204196587205 and parameters: {'hidden_dim': 129, 'num_layers': 1, 'dropout': 0.3208064235135913, 'learning_rate': 0.00045210803734655163}. Best is trial 17 with value: 8.57789782457985e-05.
Epoch 0, Loss: 0.0230168559834352
Epoch 1, Loss: 0.0013920632671109354
Epoch 2, Loss: 0.0010488080522192782
Epoch 3, Loss: 0.0009294656437307306
Epoch 4, Loss: 0.0007955910155885012
Epoch 5, Loss: 0.000704230777772003
Epoch 6, Loss: 0.000620960423506461
Epoch 7, Loss: 0.0005408281181687421
Epoch 8, Loss: 0.00048748028316334514
Epoch 9, Loss: 0.00044740860685655155
Epoch 10, Loss: 0.00041530661974209895
Epoch 11, Loss: 0.0003765586297605028
Epoch 12, Loss: 0.0003503890775856188
Epoch 13, Loss: 0.0003275416188189588
Epoch 14, Loss: 0.00031250924973265967
Epoch 15, Loss: 0.000293074394914734
Epoch 16, Loss: 0.00027528575296446325
Epoch 17, Loss: 0.00026642649733405355
Epoch 18, Loss: 0.0002523442080994748
Epoch 19, Loss: 0.00024687324448699954
Epoch 20, Loss: 0.00023906806209396544
Epoch 21, Loss: 0.00023682507323545863
Epoch 22, Loss: 0.00022181431510640928
Epoch 23, Loss: 0.0002091147144243785
Epoch 24, Loss: 0.0002022028035428171
Epoch 25, Loss: 0.00020845284422920732
Epoch 26, Loss: 0.00019787397220619749
Epoch 27, Loss: 0.00020498151845188808
Epoch 28, Loss: 0.00018970498375364052
Epoch 29, Loss: 0.00018875172063505783
[I 2025-04-08 22:18:35,029] Trial 40 finished with value: 0.0001604541321285069 and parameters: {'hidden_dim': 63, 'num_layers': 2, 'dropout': 0.42518206386541807, 'learning_rate': 0.00023923230933849086}. Best is trial 17 with value: 8.57789782457985e-05.
/root/miniconda3/envs/srp_test/lib/python3.10/site-packages/torch/nn/modules/rnn.py:123: UserWarning: dropout option adds dropout after all but last recurrent layer, so non-zero dropout expects num_layers greater than 1, but got dropout=0.30683007897477454 and num_layers=1
  warnings.warn(
Epoch 0, Loss: 0.0408600735120643
Epoch 1, Loss: 0.0020018817924604346
Epoch 2, Loss: 0.0009841308102647292
Epoch 3, Loss: 0.0007191170059037429
Epoch 4, Loss: 0.0005375892218660366
Epoch 5, Loss: 0.00042899152313355117
Epoch 6, Loss: 0.00035820450346479014
Epoch 7, Loss: 0.00031186568870588993
Epoch 8, Loss: 0.00026896804859853233
Epoch 9, Loss: 0.00023962868967573918
Epoch 10, Loss: 0.00022213575528289356
Epoch 11, Loss: 0.00020931212070525213
Epoch 12, Loss: 0.0002015234668006375
Epoch 13, Loss: 0.0001934128664120258
Epoch 14, Loss: 0.00019012612696151293
Epoch 15, Loss: 0.0001815777994328386
Epoch 16, Loss: 0.00017705858856034687
Epoch 17, Loss: 0.0001733225371427024
Epoch 18, Loss: 0.00016516376965356467
Epoch 19, Loss: 0.0001669881207518786
Epoch 20, Loss: 0.00015875479274989082
Epoch 21, Loss: 0.00016238438832829436
Epoch 22, Loss: 0.00015673153246500827
Epoch 23, Loss: 0.0001539297715266923
Epoch 24, Loss: 0.00015123859833285962
Epoch 25, Loss: 0.00014780594257961753
Epoch 26, Loss: 0.00014640600265632836
Epoch 27, Loss: 0.0001453227236985349
Epoch 28, Loss: 0.00014374133508123906
Epoch 29, Loss: 0.0001424489190095166
[I 2025-04-08 22:19:23,944] Trial 41 finished with value: 0.00011965467274421826 and parameters: {'hidden_dim': 121, 'num_layers': 1, 'dropout': 0.30683007897477454, 'learning_rate': 0.00015676875464663923}. Best is trial 17 with value: 8.57789782457985e-05.
/root/miniconda3/envs/srp_test/lib/python3.10/site-packages/torch/nn/modules/rnn.py:123: UserWarning: dropout option adds dropout after all but last recurrent layer, so non-zero dropout expects num_layers greater than 1, but got dropout=0.35355666943154407 and num_layers=1
  warnings.warn(
Epoch 0, Loss: 0.01821982177007556
Epoch 1, Loss: 0.0005897314508585485
Epoch 2, Loss: 0.00040246513376177863
Epoch 3, Loss: 0.00031439266057113987
Epoch 4, Loss: 0.0002692079764520047
Epoch 5, Loss: 0.00023505954728521284
Epoch 6, Loss: 0.00023161461232671935
Epoch 7, Loss: 0.00022318071094874084
Epoch 8, Loss: 0.00020995026127637224
Epoch 9, Loss: 0.00019942096177768414
Epoch 10, Loss: 0.00019864594480318784
Epoch 11, Loss: 0.00018566561444113575
Epoch 12, Loss: 0.00017575259726006158
Epoch 13, Loss: 0.00017873963623905585
Epoch 14, Loss: 0.000167029535192815
Epoch 15, Loss: 0.00016949389010487655
Epoch 16, Loss: 0.00016396607375509232
Epoch 17, Loss: 0.00015872426431879873
Epoch 18, Loss: 0.00015836113379033817
Epoch 19, Loss: 0.0001618227465669871
Epoch 20, Loss: 0.00015717720651086772
Epoch 21, Loss: 0.00015459977930067973
Epoch 22, Loss: 0.00015343272857391502
Epoch 23, Loss: 0.00015038260501761832
Epoch 24, Loss: 0.00014191187522505095
Epoch 25, Loss: 0.00014065009692736997
Epoch 26, Loss: 0.00013866763212470228
Epoch 27, Loss: 0.00014079338601856082
Epoch 28, Loss: 0.0001385665448468038
Epoch 29, Loss: 0.0001396820026255763
[I 2025-04-08 22:20:28,775] Trial 42 finished with value: 0.00017287611262872815 and parameters: {'hidden_dim': 142, 'num_layers': 1, 'dropout': 0.35355666943154407, 'learning_rate': 0.0004145763511958785}. Best is trial 17 with value: 8.57789782457985e-05.
/root/miniconda3/envs/srp_test/lib/python3.10/site-packages/torch/nn/modules/rnn.py:123: UserWarning: dropout option adds dropout after all but last recurrent layer, so non-zero dropout expects num_layers greater than 1, but got dropout=0.32681342749658737 and num_layers=1
  warnings.warn(
Epoch 0, Loss: 0.0379787048488094
Epoch 1, Loss: 0.00103231763713336
Epoch 2, Loss: 0.0006966625771246207
Epoch 3, Loss: 0.0005498330886233564
Epoch 4, Loss: 0.0004182604211708304
Epoch 5, Loss: 0.00036032118780667037
Epoch 6, Loss: 0.0003310061585354401
Epoch 7, Loss: 0.0002938092719623876
Epoch 8, Loss: 0.0002624658234425228
Epoch 9, Loss: 0.0002443103529893144
Epoch 10, Loss: 0.00022288143103775158
Epoch 11, Loss: 0.000220928845643233
Epoch 12, Loss: 0.0002084684046169453
Epoch 13, Loss: 0.0002003109301106184
Epoch 14, Loss: 0.0001925598340796011
Epoch 15, Loss: 0.00019932322406919262
Epoch 16, Loss: 0.00018836212380192414
Epoch 17, Loss: 0.00019099708557170826
Epoch 18, Loss: 0.0001857905068377842
Epoch 19, Loss: 0.00017704220286923416
Epoch 20, Loss: 0.00018019904592308134
Epoch 21, Loss: 0.00017659606854381762
Epoch 22, Loss: 0.0001716063828003259
Epoch 23, Loss: 0.00017152766608699663
Epoch 24, Loss: 0.00016546614420104693
Epoch 25, Loss: 0.00016620530596011716
Epoch 26, Loss: 0.0001636394009944686
Epoch 27, Loss: 0.00017018699033880932
Epoch 28, Loss: 0.0001585675942569341
Epoch 29, Loss: 0.00016331157721850994
[I 2025-04-08 22:21:17,886] Trial 43 finished with value: 0.0001896437897812575 and parameters: {'hidden_dim': 104, 'num_layers': 1, 'dropout': 0.32681342749658737, 'learning_rate': 0.00025687754114399455}. Best is trial 17 with value: 8.57789782457985e-05.
/root/miniconda3/envs/srp_test/lib/python3.10/site-packages/torch/nn/modules/rnn.py:123: UserWarning: dropout option adds dropout after all but last recurrent layer, so non-zero dropout expects num_layers greater than 1, but got dropout=0.25204103521280063 and num_layers=1
  warnings.warn(
Epoch 0, Loss: 0.010854199777988642
Epoch 1, Loss: 0.00031517162852339364
Epoch 2, Loss: 0.00023743938269973688
Epoch 3, Loss: 0.00022460472774602657
Epoch 4, Loss: 0.00019270357273335918
Epoch 5, Loss: 0.00018160224460350596
Epoch 6, Loss: 0.0001756663045864266
Epoch 7, Loss: 0.00017468168837953883
Epoch 8, Loss: 0.00016323951895793712
Epoch 9, Loss: 0.0001552806305263555
Epoch 10, Loss: 0.00015447928266010405
Epoch 11, Loss: 0.0001491650989149352
Epoch 12, Loss: 0.0001504603898374493
Epoch 13, Loss: 0.0001424236359906437
Epoch 14, Loss: 0.0001464485502590638
Epoch 15, Loss: 0.00013892537415131855
Epoch 16, Loss: 0.00013300638657996267
Epoch 17, Loss: 0.00013485635940758145
Epoch 18, Loss: 0.0001361422114325401
Epoch 19, Loss: 0.00013120105143586472
Epoch 20, Loss: 0.00013116210503604233
Epoch 21, Loss: 0.00013139786762064306
Epoch 22, Loss: 0.00013284556825744122
Epoch 23, Loss: 0.00012610837662343412
Epoch 24, Loss: 0.00012474914816585047
Epoch 25, Loss: 0.00012388871061028118
Epoch 26, Loss: 0.00012764211004852232
Epoch 27, Loss: 0.00012481574753743066
Epoch 28, Loss: 0.00012224329314110708
Epoch 29, Loss: 0.00012234443823498626
[I 2025-04-08 22:22:14,307] Trial 44 finished with value: 0.00010587953147478402 and parameters: {'hidden_dim': 114, 'num_layers': 1, 'dropout': 0.25204103521280063, 'learning_rate': 0.0006744843015593362}. Best is trial 17 with value: 8.57789782457985e-05.
/root/miniconda3/envs/srp_test/lib/python3.10/site-packages/torch/nn/modules/rnn.py:123: UserWarning: dropout option adds dropout after all but last recurrent layer, so non-zero dropout expects num_layers greater than 1, but got dropout=0.40154305134485563 and num_layers=1
  warnings.warn(
Epoch 0, Loss: 0.009817910945212067
Epoch 1, Loss: 0.00040227881208367515
Epoch 2, Loss: 0.0002872888566556482
Epoch 3, Loss: 0.00024227500656211293
Epoch 4, Loss: 0.00021841385806795977
Epoch 5, Loss: 0.00020656457852128636
Epoch 6, Loss: 0.00021483379608263638
Epoch 7, Loss: 0.0001870138998053585
Epoch 8, Loss: 0.00018918270901021993
Epoch 9, Loss: 0.00019683228447209646
Epoch 10, Loss: 0.00017121789030177115
Epoch 11, Loss: 0.00016126420736650498
Epoch 12, Loss: 0.0001605592098442833
Epoch 13, Loss: 0.00016314659295882633
Epoch 14, Loss: 0.00015091350762609879
Epoch 15, Loss: 0.00014237658040107447
Epoch 16, Loss: 0.00014461330332349445
Epoch 17, Loss: 0.00013837789091448142
Epoch 18, Loss: 0.0001372936713986483
Epoch 19, Loss: 0.00012833381379649173
Epoch 20, Loss: 0.00013989131944879845
Epoch 21, Loss: 0.00013193592543859196
Epoch 22, Loss: 0.00013396660121660673
Epoch 23, Loss: 0.0001258123468437644
Epoch 24, Loss: 0.00012508164673351183
Epoch 25, Loss: 0.0001282664905755602
Epoch 26, Loss: 0.00012769574020489872
Epoch 27, Loss: 0.00012722754811249102
Epoch 28, Loss: 0.00012089881171966499
Epoch 29, Loss: 0.00012374384147231183
[I 2025-04-08 22:23:19,112] Trial 45 finished with value: 8.5784362454433e-05 and parameters: {'hidden_dim': 156, 'num_layers': 1, 'dropout': 0.40154305134485563, 'learning_rate': 0.0014259566292650068}. Best is trial 17 with value: 8.57789782457985e-05.
Epoch 0, Loss: 0.012303281680809974
Epoch 1, Loss: 0.0003998177064974439
Epoch 2, Loss: 0.00032918103326904
Epoch 3, Loss: 0.00027079572677008985
Epoch 4, Loss: 0.0002744713215345184
Epoch 5, Loss: 0.00024012440305790658
Epoch 6, Loss: 0.00023845427163914548
Epoch 7, Loss: 0.0002370262528084776
Epoch 8, Loss: 0.00024054952604641487
Epoch 9, Loss: 0.0002315706277112907
Epoch 10, Loss: 0.0002100179050842282
Epoch 11, Loss: 0.00022410817331803846
Epoch 12, Loss: 0.00023561648248667644
Epoch 13, Loss: 0.0001977734670491658
Epoch 14, Loss: 0.00020412865541382508
Epoch 15, Loss: 0.0001997338917303673
Epoch 16, Loss: 0.00020565698888119413
Epoch 17, Loss: 0.0001862940158243342
Epoch 18, Loss: 0.00020284814989662202
Epoch 19, Loss: 0.00018946800581414656
Epoch 20, Loss: 0.00018355278044396902
Epoch 21, Loss: 0.0001878210546049729
Epoch 22, Loss: 0.00018568744377448073
Epoch 23, Loss: 0.00017621715052391532
Epoch 24, Loss: 0.00017250970072304737
Epoch 25, Loss: 0.00018491303642255473
Epoch 26, Loss: 0.0001734626473551769
Epoch 27, Loss: 0.00017182163861177978
Epoch 28, Loss: 0.00017709317506828294
Epoch 29, Loss: 0.00016971116057322915
[I 2025-04-08 22:24:19,845] Trial 46 finished with value: 0.00031004761694930494 and parameters: {'hidden_dim': 169, 'num_layers': 2, 'dropout': 0.4039180943203776, 'learning_rate': 0.0023241418745861687}. Best is trial 17 with value: 8.57789782457985e-05.
/root/miniconda3/envs/srp_test/lib/python3.10/site-packages/torch/nn/modules/rnn.py:123: UserWarning: dropout option adds dropout after all but last recurrent layer, so non-zero dropout expects num_layers greater than 1, but got dropout=0.45980901265614027 and num_layers=1
  warnings.warn(
Epoch 0, Loss: 0.019200687188841516
Epoch 1, Loss: 0.000428240124811475
Epoch 2, Loss: 0.0002486655133433777
Epoch 3, Loss: 0.0002367505796977099
Epoch 4, Loss: 0.00021960507236945686
Epoch 5, Loss: 0.00019582565468726786
Epoch 6, Loss: 0.0001911744123604885
Epoch 7, Loss: 0.00019493823295720165
Epoch 8, Loss: 0.0001790951443964263
Epoch 9, Loss: 0.00019207764187855465
Epoch 10, Loss: 0.0001707305852047603
Epoch 11, Loss: 0.0001772357948089923
Epoch 12, Loss: 0.00016612493536939817
Epoch 13, Loss: 0.0001623726500201219
Epoch 14, Loss: 0.00014971767802181887
Epoch 15, Loss: 0.00014864049234216916
Epoch 16, Loss: 0.00015041500922067854
Epoch 17, Loss: 0.00014807128104012826
Epoch 18, Loss: 0.00014048903380472347
Epoch 19, Loss: 0.00014649410287212577
Epoch 20, Loss: 0.0001462687953761242
Epoch 21, Loss: 0.0001375837613049333
Epoch 22, Loss: 0.00013329943152858126
Epoch 23, Loss: 0.0001358084974878567
Epoch 24, Loss: 0.00013482633759823151
Epoch 25, Loss: 0.0001362887923125633
Epoch 26, Loss: 0.00013427132640514845
Epoch 27, Loss: 0.0001317560538438043
Epoch 28, Loss: 0.00013165143215442484
Epoch 29, Loss: 0.00013331532621647642
[I 2025-04-08 22:25:26,402] Trial 47 finished with value: 0.00011576007818803191 and parameters: {'hidden_dim': 157, 'num_layers': 1, 'dropout': 0.45980901265614027, 'learning_rate': 0.0013634833327227922}. Best is trial 17 with value: 8.57789782457985e-05.
Epoch 0, Loss: 0.010035616009416276
Epoch 1, Loss: 0.0005042937584150551
Epoch 2, Loss: 0.00037405582989221597
Epoch 3, Loss: 0.0003591638448316187
Epoch 4, Loss: 0.00037985443952422555
Epoch 5, Loss: 0.00030864287776631187
Epoch 6, Loss: 0.000336847875932619
Epoch 7, Loss: 0.0002815153734899271
Epoch 8, Loss: 0.00027112201411518385
Epoch 9, Loss: 0.00025814259601836243
Epoch 10, Loss: 0.0002575358826361303
Epoch 11, Loss: 0.0002713008439203032
Epoch 12, Loss: 0.0002767701764525041
Epoch 13, Loss: 0.00023018562625396833
Epoch 14, Loss: 0.00023194022217571143
Epoch 15, Loss: 0.0002230451715955173
Epoch 16, Loss: 0.00023414618566866235
Epoch 17, Loss: 0.00021163408241823593
Epoch 18, Loss: 0.00021166704070051608
Epoch 19, Loss: 0.0001954055535567385
Epoch 20, Loss: 0.0001904428030941052
Epoch 21, Loss: 0.00018380998723627263
Epoch 22, Loss: 0.00018936436893271142
Epoch 23, Loss: 0.00018268663487973545
Epoch 24, Loss: 0.00019844391148240268
Epoch 25, Loss: 0.0007807935404905952
Epoch 26, Loss: 0.00023189151102032314
Epoch 27, Loss: 0.00022050254525076608
Epoch 28, Loss: 0.00018954863204590189
Epoch 29, Loss: 0.00019337424061904377
[I 2025-04-08 22:26:35,726] Trial 48 finished with value: 0.00017033756012097 and parameters: {'hidden_dim': 155, 'num_layers': 2, 'dropout': 0.3801420446774947, 'learning_rate': 0.003056005497499814}. Best is trial 17 with value: 8.57789782457985e-05.
/root/miniconda3/envs/srp_test/lib/python3.10/site-packages/torch/nn/modules/rnn.py:123: UserWarning: dropout option adds dropout after all but last recurrent layer, so non-zero dropout expects num_layers greater than 1, but got dropout=0.43148269004341266 and num_layers=1
  warnings.warn(
Epoch 0, Loss: 0.013773558026226691
Epoch 1, Loss: 0.0004836210517616095
Epoch 2, Loss: 0.0003203404796467822
Epoch 3, Loss: 0.0002577998904660605
Epoch 4, Loss: 0.0002463226259497409
Epoch 5, Loss: 0.00023674046608122007
Epoch 6, Loss: 0.00021929052602118754
Epoch 7, Loss: 0.00020888413432647063
Epoch 8, Loss: 0.00019630725392874912
Epoch 9, Loss: 0.00020435325802930398
Epoch 10, Loss: 0.00019827871460011828
Epoch 11, Loss: 0.00018782462627696918
Epoch 12, Loss: 0.00017783782756857636
Epoch 13, Loss: 0.00016955111620193142
Epoch 14, Loss: 0.00017195058027357418
Epoch 15, Loss: 0.00015321533254661015
Epoch 16, Loss: 0.00014898101630656915
Epoch 17, Loss: 0.0001494081853704817
Epoch 18, Loss: 0.00015358870413588867
Epoch 19, Loss: 0.00014390727648341014
Epoch 20, Loss: 0.00014108207435699786
Epoch 21, Loss: 0.000140100961811376
Epoch 22, Loss: 0.00012965373999176892
Epoch 23, Loss: 0.00013772819093346055
Epoch 24, Loss: 0.00013431720411277647
Epoch 25, Loss: 0.00013195749366950665
Epoch 26, Loss: 0.0001364999886043738
Epoch 27, Loss: 0.00012944931868531947
Epoch 28, Loss: 0.00012702816308758855
Epoch 29, Loss: 0.00012352064822398527
[I 2025-04-08 22:27:41,891] Trial 49 finished with value: 0.00011737627937691286 and parameters: {'hidden_dim': 131, 'num_layers': 1, 'dropout': 0.43148269004341266, 'learning_rate': 0.0008881169065922698}. Best is trial 17 with value: 8.57789782457985e-05.
The best hyperparameters: {'hidden_dim': 118, 'num_layers': 1, 'dropout': 0.35724735537818275, 'learning_rate': 0.0005327153939841018}
The best validation loss: 0.00009
Epoch 0, Loss: 0.03355528258250057
Epoch 10, Loss: 0.00020038168847976126
Epoch 20, Loss: 0.0001519075643348818
Epoch 30, Loss: 0.00013254632007476104
Epoch 40, Loss: 0.00013284756734449878
Epoch 50, Loss: 0.0001244815125562886
Epoch 60, Loss: 0.00011954144751378323
Epoch 70, Loss: 0.00012278979694287854
Epoch 80, Loss: 0.00011928202875291403
Epoch 90, Loss: 0.00011766845881131586
First Step MSE: 8.944759611040354e-05, MAE: 0.0055191959254443645
Last Step MSE: 8.944759611040354e-05, MAE: 0.0055191959254443645
