[I 2025-04-08 22:03:40,191] Trial 26 finished with value: 0.0001459212217014283 and parameters: {'hidden_dim': 75, 'num_layers': 1, 'dropout': 0.41520289466369004, 'learning_rate': 0.0002952249588345311}. Best is trial 17 with value: 8.57789782457985e-05.
/root/miniconda3/envs/srp_test/lib/python3.10/site-packages/torch/nn/modules/rnn.py:123: UserWarning: dropout option adds dropout after all but last recurrent layer, so non-zero dropout expects num_layers greater than 1, but got dropout=0.3014792833538781 and num_layers=1
  warnings.warn(
Epoch 0, Loss: 0.05042472247055838
Epoch 1, Loss: 0.0021940742473745686
Epoch 2, Loss: 0.0013637861289047702
Epoch 3, Loss: 0.0012386413119022945
Epoch 4, Loss: 0.0011242547938787126
Epoch 5, Loss: 0.0010246738308597098
Epoch 6, Loss: 0.0009334479511243579
Epoch 7, Loss: 0.0008002274950548164
Epoch 8, Loss: 0.0006718673492844699
Epoch 9, Loss: 0.0005611033388682575
Epoch 10, Loss: 0.0004477240446866592
Epoch 11, Loss: 0.0003951247811875869
Epoch 12, Loss: 0.0003443998977801238
Epoch 13, Loss: 0.00032927495166628197
Epoch 14, Loss: 0.00027433109565910206
Epoch 15, Loss: 0.0002492463334866883
Epoch 16, Loss: 0.000239666985519091
Epoch 17, Loss: 0.00023499127140288087
Epoch 18, Loss: 0.00021593838133244467
Epoch 19, Loss: 0.00021894219549863664
Epoch 20, Loss: 0.00020996120195326546
Epoch 21, Loss: 0.0002106782658899587
Epoch 22, Loss: 0.00019959753055684608
Epoch 23, Loss: 0.00020712572347498533
Epoch 24, Loss: 0.0001875535042599861
Epoch 25, Loss: 0.00018942094142836946
Epoch 26, Loss: 0.0001879625426908562
Epoch 27, Loss: 0.00019108681124705852
Epoch 28, Loss: 0.00017905456606215694
Epoch 29, Loss: 0.000181218017267764
[I 2025-04-08 22:04:26,526] Trial 27 finished with value: 0.00014175937394611537 and parameters: {'hidden_dim': 107, 'num_layers': 1, 'dropout': 0.3014792833538781, 'learning_rate': 0.00012447381519520187}. Best is trial 17 with value: 8.57789782457985e-05.
/root/miniconda3/envs/srp_test/lib/python3.10/site-packages/torch/nn/modules/rnn.py:123: UserWarning: dropout option adds dropout after all but last recurrent layer, so non-zero dropout expects num_layers greater than 1, but got dropout=0.38915136758969016 and num_layers=1
  warnings.warn(
Epoch 0, Loss: 0.019302986711807496
Epoch 1, Loss: 0.0004422009266736473
Epoch 2, Loss: 0.0003391144204472074
Epoch 3, Loss: 0.0002729047127681985
Epoch 4, Loss: 0.00023768775692207335
Epoch 5, Loss: 0.00022639894491266073
Epoch 6, Loss: 0.00020599810873501574
Epoch 7, Loss: 0.00020893820986306633
Epoch 8, Loss: 0.00019957781426958092
Epoch 9, Loss: 0.00018041753511876008
Epoch 10, Loss: 0.00017698599700394642
Epoch 11, Loss: 0.00017242860515661983
Epoch 12, Loss: 0.0001709678834944002
Epoch 13, Loss: 0.00016501240395510867
Epoch 14, Loss: 0.00016434429985311177
Epoch 15, Loss: 0.00016183310779174982
Epoch 16, Loss: 0.0001497749952498003
Epoch 17, Loss: 0.00015553621655484292
Epoch 18, Loss: 0.00014881951881721948
Epoch 19, Loss: 0.00015130954742813106
Epoch 20, Loss: 0.00014181158350496084
Epoch 21, Loss: 0.00014690448525291614
Epoch 22, Loss: 0.0001424262907879751
Epoch 23, Loss: 0.0001385490589414994
Epoch 24, Loss: 0.00013709422549845507
Epoch 25, Loss: 0.00013527176953040526
Epoch 26, Loss: 0.0001372073038974985
Epoch 27, Loss: 0.00013649638172984294
Epoch 28, Loss: 0.00013606453426944209
Epoch 29, Loss: 0.00013928404046818665
[I 2025-04-08 22:05:31,831] Trial 28 finished with value: 0.0001797377335606143 and parameters: {'hidden_dim': 150, 'num_layers': 1, 'dropout': 0.38915136758969016, 'learning_rate': 0.0005647852037665012}. Best is trial 17 with value: 8.57789782457985e-05.
/root/miniconda3/envs/srp_test/lib/python3.10/site-packages/torch/nn/modules/rnn.py:123: UserWarning: dropout option adds dropout after all but last recurrent layer, so non-zero dropout expects num_layers greater than 1, but got dropout=0.44151026304485597 and num_layers=1
  warnings.warn(
Epoch 0, Loss: 0.0149142709472177
Epoch 1, Loss: 0.00030940884691048434
Epoch 2, Loss: 0.00020968911266764468
Epoch 3, Loss: 0.00019437063764136367
Epoch 4, Loss: 0.00019436032233391255
Epoch 5, Loss: 0.000169753172262297
Epoch 6, Loss: 0.0001663114847354064
Epoch 7, Loss: 0.00016962796447678513
Epoch 8, Loss: 0.00016087590631769138
Epoch 9, Loss: 0.00016197722799955768
Epoch 10, Loss: 0.0001459099591563517
Epoch 11, Loss: 0.0001479886164271611
Epoch 12, Loss: 0.00014869289819254266
Epoch 13, Loss: 0.00014491340928138693
Epoch 14, Loss: 0.00014799453940186872
Epoch 15, Loss: 0.00013820561662325102
Epoch 16, Loss: 0.00014888577032367285
Epoch 17, Loss: 0.00013279995464184774
Epoch 18, Loss: 0.00013137409084449197
Epoch 19, Loss: 0.00013138689716277733
Epoch 20, Loss: 0.00013254925172803317
Epoch 21, Loss: 0.00012393295050604629
Epoch 22, Loss: 0.00012673888194006234
Epoch 23, Loss: 0.0001267149930648167
Epoch 24, Loss: 0.00012502277229459275
Epoch 25, Loss: 0.0001279296545369379
Epoch 26, Loss: 0.00012605375068764206
Epoch 27, Loss: 0.00012753529708102852
Epoch 28, Loss: 0.00012479597244613273
Epoch 29, Loss: 0.00012056414687724847
[I 2025-04-08 22:06:33,507] Trial 29 finished with value: 0.0001161478430731222 and parameters: {'hidden_dim': 130, 'num_layers': 1, 'dropout': 0.44151026304485597, 'learning_rate': 0.0012032251779420606}. Best is trial 17 with value: 8.57789782457985e-05.
/root/miniconda3/envs/srp_test/lib/python3.10/site-packages/torch/nn/modules/rnn.py:123: UserWarning: dropout option adds dropout after all but last recurrent layer, so non-zero dropout expects num_layers greater than 1, but got dropout=0.3402526643197724 and num_layers=1
  warnings.warn(
Epoch 0, Loss: 0.0040077202799257685
Epoch 1, Loss: 0.00020371764826107092
Epoch 2, Loss: 0.0002281126871246121
Epoch 3, Loss: 0.0001844029686691785
Epoch 4, Loss: 0.0001780536334096752
Epoch 5, Loss: 0.00019753978930524472
Epoch 6, Loss: 0.00019090424983164833
Epoch 7, Loss: 0.0001988140943832568
Epoch 8, Loss: 0.00016391139572583365
Epoch 9, Loss: 0.00016686171298215525
Epoch 10, Loss: 0.00015782575405588308
Epoch 11, Loss: 0.00014637197922519237
Epoch 12, Loss: 0.000156970106507956
Epoch 13, Loss: 0.00015510875110187592
Epoch 14, Loss: 0.00015465825188567156
Epoch 15, Loss: 0.00013628547965846202
Epoch 16, Loss: 0.00014378520533047507
Epoch 17, Loss: 0.0001421825122047477
Epoch 18, Loss: 0.00014491168814343404
Epoch 19, Loss: 0.00014227187378569099
Epoch 20, Loss: 0.00012808936468331646
Epoch 21, Loss: 0.00014040199352423078
Epoch 22, Loss: 0.00013302977862215186
Epoch 23, Loss: 0.00014436523567611047
Epoch 24, Loss: 0.00013881127670218723
Epoch 25, Loss: 0.0001347599908249742
Epoch 26, Loss: 0.00012886706564970283
Epoch 27, Loss: 0.00014539158798631993
Epoch 28, Loss: 0.0001328907376258112
Epoch 29, Loss: 0.00013257304124153585
[I 2025-04-08 22:07:25,549] Trial 30 finished with value: 0.0001958941138582304 and parameters: {'hidden_dim': 116, 'num_layers': 1, 'dropout': 0.3402526643197724, 'learning_rate': 0.0052338163385580025}. Best is trial 17 with value: 8.57789782457985e-05.
/root/miniconda3/envs/srp_test/lib/python3.10/site-packages/torch/nn/modules/rnn.py:123: UserWarning: dropout option adds dropout after all but last recurrent layer, so non-zero dropout expects num_layers greater than 1, but got dropout=0.3269001719284174 and num_layers=1
  warnings.warn(
Epoch 0, Loss: 0.03357760537865542
Epoch 1, Loss: 0.0008156543636950608
Epoch 2, Loss: 0.0006905654709066158
Epoch 3, Loss: 0.000598951231675798
Epoch 4, Loss: 0.0005376752035920633
Epoch 5, Loss: 0.00047753624270861024
Epoch 6, Loss: 0.0004232755851979456
Epoch 7, Loss: 0.00039934999209776555
Epoch 8, Loss: 0.0003553326222021643
Epoch 9, Loss: 0.0003340086507787441
Epoch 10, Loss: 0.00030796033800950664
Epoch 11, Loss: 0.00030808051855973516
Epoch 12, Loss: 0.0002964122150840528
Epoch 13, Loss: 0.00028110234132840996
Epoch 14, Loss: 0.0002666716842709331
Epoch 15, Loss: 0.0002500892222047882
Epoch 16, Loss: 0.0002348520468081061
Epoch 17, Loss: 0.00022733005276686283
Epoch 18, Loss: 0.0002170198302806798
Epoch 19, Loss: 0.00020862743147832133
Epoch 20, Loss: 0.00019431926282162387
Epoch 21, Loss: 0.00018308210977491382
Epoch 22, Loss: 0.00017290937568688734
Epoch 23, Loss: 0.0001690919454140252
Epoch 24, Loss: 0.0001616427321217834
Epoch 25, Loss: 0.00015586288081135923
Epoch 26, Loss: 0.00014988632342476343
Epoch 27, Loss: 0.00014850547961514543
Epoch 28, Loss: 0.00014740047093912497
Epoch 29, Loss: 0.0001455250160814727
[I 2025-04-08 22:08:15,520] Trial 31 finished with value: 0.00017071154434233904 and parameters: {'hidden_dim': 124, 'num_layers': 1, 'dropout': 0.3269001719284174, 'learning_rate': 0.0003107808003620944}. Best is trial 17 with value: 8.57789782457985e-05.
/root/miniconda3/envs/srp_test/lib/python3.10/site-packages/torch/nn/modules/rnn.py:123: UserWarning: dropout option adds dropout after all but last recurrent layer, so non-zero dropout expects num_layers greater than 1, but got dropout=0.37422661073458124 and num_layers=1
  warnings.warn(
Epoch 0, Loss: 0.03128872771700391
Epoch 1, Loss: 0.001472159117528797
Epoch 2, Loss: 0.0011554949267480155
Epoch 3, Loss: 0.0009802860910171492
Epoch 4, Loss: 0.0008466651672673006
Epoch 5, Loss: 0.0007210092804518725
Epoch 6, Loss: 0.000567585202044447
Epoch 7, Loss: 0.00048418692553896286
Epoch 8, Loss: 0.00040381173478607136
Epoch 9, Loss: 0.000343506862577946
Epoch 10, Loss: 0.0003080195720584263
Epoch 11, Loss: 0.00025976604842483134
Epoch 12, Loss: 0.0002248257113780816
Epoch 13, Loss: 0.0002225636398336746
Epoch 14, Loss: 0.000209291275095539
Epoch 15, Loss: 0.00021709623679337704
Epoch 16, Loss: 0.0002088326325226822
Epoch 17, Loss: 0.00020230070789906292
Epoch 18, Loss: 0.00020581357251672037
Epoch 19, Loss: 0.0001900481036637622
Epoch 20, Loss: 0.00018394859316663923
Epoch 21, Loss: 0.00018181424336616967
Epoch 22, Loss: 0.00018399167266887342
Epoch 23, Loss: 0.0001742652733226045
Epoch 24, Loss: 0.0001855077505291699
Epoch 25, Loss: 0.00016589538868761128
Epoch 26, Loss: 0.00016672529986785632
Epoch 27, Loss: 0.00016968723924274255
Epoch 28, Loss: 0.00015849519349083585
Epoch 29, Loss: 0.0001595212613549177
[I 2025-04-08 22:09:11,405] Trial 32 finished with value: 0.00032183181610889733 and parameters: {'hidden_dim': 118, 'num_layers': 1, 'dropout': 0.37422661073458124, 'learning_rate': 0.0003130593591378863}. Best is trial 17 with value: 8.57789782457985e-05.
/root/miniconda3/envs/srp_test/lib/python3.10/site-packages/torch/nn/modules/rnn.py:123: UserWarning: dropout option adds dropout after all but last recurrent layer, so non-zero dropout expects num_layers greater than 1, but got dropout=0.2981504075473979 and num_layers=1
  warnings.warn(
Epoch 0, Loss: 0.02332323159849149
Epoch 1, Loss: 0.0010125881169371447
Epoch 2, Loss: 0.0005402965883275725
Epoch 3, Loss: 0.0003907690567166687
Epoch 4, Loss: 0.00029901257443527574
Epoch 5, Loss: 0.0002668297490285392
Epoch 6, Loss: 0.0002429811393793524
Epoch 7, Loss: 0.00022742158437560997
Epoch 8, Loss: 0.0002196799647394418
Epoch 9, Loss: 0.00021473010107762988
Epoch 10, Loss: 0.00019866459464263513
Epoch 11, Loss: 0.000191367221798445
Epoch 12, Loss: 0.00019072461400621225
Epoch 13, Loss: 0.0001843131437017911
Epoch 14, Loss: 0.00017602764955328647
Epoch 15, Loss: 0.00017289542091357207
Epoch 16, Loss: 0.000186838763929567
Epoch 17, Loss: 0.00017014759457336626
Epoch 18, Loss: 0.00016468966239128587
Epoch 19, Loss: 0.0001706817641753308
Epoch 20, Loss: 0.00016798344891655163
Epoch 21, Loss: 0.00016167697567055317
Epoch 22, Loss: 0.00015981381436869522
Epoch 23, Loss: 0.0001487362042231312
Epoch 24, Loss: 0.00014574900421267841
Epoch 25, Loss: 0.0001411197673314967
Epoch 26, Loss: 0.000141214405964453
Epoch 27, Loss: 0.000133104763636675
Epoch 28, Loss: 0.00014258219924871313
Epoch 29, Loss: 0.00013430102171253913
[I 2025-04-08 22:10:18,596] Trial 33 finished with value: 8.76766353030689e-05 and parameters: {'hidden_dim': 142, 'num_layers': 1, 'dropout': 0.2981504075473979, 'learning_rate': 0.00046410534115806347}. Best is trial 17 with value: 8.57789782457985e-05.
/root/miniconda3/envs/srp_test/lib/python3.10/site-packages/torch/nn/modules/rnn.py:123: UserWarning: dropout option adds dropout after all but last recurrent layer, so non-zero dropout expects num_layers greater than 1, but got dropout=0.27789613007585046 and num_layers=1
  warnings.warn(
Epoch 0, Loss: 0.03142042764511533
Epoch 1, Loss: 0.0003938398164908862
Epoch 2, Loss: 0.00029013221028701054
Epoch 3, Loss: 0.0002774054689022402
Epoch 4, Loss: 0.00024167156380913084
Epoch 5, Loss: 0.0002374812721845823
Epoch 6, Loss: 0.00022219773080996453
Epoch 7, Loss: 0.00021456818326231637
Epoch 8, Loss: 0.00019682955196939652
Epoch 9, Loss: 0.00021023696300398315
Epoch 10, Loss: 0.00019218883353194568
Epoch 11, Loss: 0.00017907026393628378
Epoch 12, Loss: 0.0001900110773156865
Epoch 13, Loss: 0.00018326597970314413
Epoch 14, Loss: 0.0001705931565367278
Epoch 15, Loss: 0.00017333806377070517
Epoch 16, Loss: 0.00017470963787754977
Epoch 17, Loss: 0.00018143120219740096
Epoch 18, Loss: 0.00017185137369794603
Epoch 19, Loss: 0.00017466968530661556
Epoch 20, Loss: 0.00016557340801457977
Epoch 21, Loss: 0.0001709227354825591
Epoch 22, Loss: 0.00015870270121291985
Epoch 23, Loss: 0.00015759476312306436
Epoch 24, Loss: 0.00015233759085411675
Epoch 25, Loss: 0.00016084541079216188
Epoch 26, Loss: 0.00015862229000695573
Epoch 27, Loss: 0.0001488640399526455
Epoch 28, Loss: 0.0001568225607735499
Epoch 29, Loss: 0.0001585125633393054
[I 2025-04-08 22:11:22,427] Trial 34 finished with value: 0.00044179431279189885 and parameters: {'hidden_dim': 140, 'num_layers': 1, 'dropout': 0.27789613007585046, 'learning_rate': 0.000998636850035298}. Best is trial 17 with value: 8.57789782457985e-05.
/root/miniconda3/envs/srp_test/lib/python3.10/site-packages/torch/nn/modules/rnn.py:123: UserWarning: dropout option adds dropout after all but last recurrent layer, so non-zero dropout expects num_layers greater than 1, but got dropout=0.29123037928350737 and num_layers=1
  warnings.warn(
Epoch 0, Loss: 0.012803753995358685
Epoch 1, Loss: 0.0003747353115516438
Epoch 2, Loss: 0.00026201297293024575
Epoch 3, Loss: 0.0002315049459070076
Epoch 4, Loss: 0.0002085063503114756
Epoch 5, Loss: 0.00019296445009580313
Epoch 6, Loss: 0.0001876876830179873
Epoch 7, Loss: 0.0001774283078534686
Epoch 8, Loss: 0.00016285738087978827
Epoch 9, Loss: 0.00015601096401287643
Epoch 10, Loss: 0.00014830332064689274
Epoch 11, Loss: 0.00014562337796444978
Epoch 12, Loss: 0.00015584609139311425
Epoch 13, Loss: 0.00014011437732293247
Epoch 14, Loss: 0.0001388909063556763
Epoch 15, Loss: 0.00013965130631194152
Epoch 16, Loss: 0.00013564619255751974
Epoch 17, Loss: 0.00013261502060481635
Epoch 18, Loss: 0.00013562194267594468
Epoch 19, Loss: 0.00013472527110593822
Epoch 20, Loss: 0.00012871764985477826
Epoch 21, Loss: 0.00012842609568304578
Epoch 22, Loss: 0.00013039755478990703
Epoch 23, Loss: 0.0001291338544400336
Epoch 24, Loss: 0.00012693611079644398
Epoch 25, Loss: 0.0001298096351530832
Epoch 26, Loss: 0.00012697964161274188
Epoch 27, Loss: 0.00012354173363492187
Epoch 28, Loss: 0.00013204516452414107
Epoch 29, Loss: 0.00012540216308466734
[I 2025-04-08 22:12:28,288] Trial 35 finished with value: 0.00017522912821732461 and parameters: {'hidden_dim': 149, 'num_layers': 1, 'dropout': 0.29123037928350737, 'learning_rate': 0.0005424707733430973}. Best is trial 17 with value: 8.57789782457985e-05.
/root/miniconda3/envs/srp_test/lib/python3.10/site-packages/torch/nn/modules/rnn.py:123: UserWarning: dropout option adds dropout after all but last recurrent layer, so non-zero dropout expects num_layers greater than 1, but got dropout=0.24788513836659748 and num_layers=1
  warnings.warn(
Epoch 0, Loss: 0.007985573160502303
Epoch 1, Loss: 0.00032407033455531496
Epoch 2, Loss: 0.0002497698561630581
Epoch 3, Loss: 0.00021808396962838398
Epoch 4, Loss: 0.00020873037272686968
Epoch 5, Loss: 0.00018321164086008718
Epoch 6, Loss: 0.00016778380129109743
Epoch 7, Loss: 0.00017593087124884827
Epoch 8, Loss: 0.00015812477077548098
Epoch 9, Loss: 0.00015020906509037883
Epoch 10, Loss: 0.00014427229604785645
Epoch 11, Loss: 0.00014856008333138444
Epoch 12, Loss: 0.0001274188512966613
Epoch 13, Loss: 0.0001339259504469485
Epoch 14, Loss: 0.00012948536734429383
Epoch 15, Loss: 0.0001349432303522209
Epoch 16, Loss: 0.00013086414045797702
Epoch 17, Loss: 0.00012952110971709683
Epoch 18, Loss: 0.00013042225470207399
Epoch 19, Loss: 0.00012201707399726905
Epoch 20, Loss: 0.00013110970844879493
Epoch 21, Loss: 0.0001289047049595885
Epoch 22, Loss: 0.0001231589322363963
Epoch 23, Loss: 0.0001283361049287154
Epoch 24, Loss: 0.00012861950212571664
Epoch 25, Loss: 0.00012812842602578735
Epoch 26, Loss: 0.0001257230541232983
Epoch 27, Loss: 0.00012446004990531663
Epoch 28, Loss: 0.00012040290494373916
Epoch 29, Loss: 0.000126129512890836
[I 2025-04-08 22:13:37,680] Trial 36 finished with value: 0.00011765939416363835 and parameters: {'hidden_dim': 158, 'num_layers': 1, 'dropout': 0.24788513836659748, 'learning_rate': 0.0016457902046690242}. Best is trial 17 with value: 8.57789782457985e-05.
/root/miniconda3/envs/srp_test/lib/python3.10/site-packages/torch/nn/modules/rnn.py:123: UserWarning: dropout option adds dropout after all but last recurrent layer, so non-zero dropout expects num_layers greater than 1, but got dropout=0.34725248314229556 and num_layers=1
  warnings.warn(
Epoch 0, Loss: 0.05166945828565616
Epoch 1, Loss: 0.0019178548196830318
Epoch 2, Loss: 0.001335669317115053
Epoch 3, Loss: 0.001174303767378408
Epoch 4, Loss: 0.001054549468522597
Epoch 5, Loss: 0.0009266976930256004
Epoch 6, Loss: 0.0007750399856770937
Epoch 7, Loss: 0.0006411275242193582
Epoch 8, Loss: 0.0005136617398847726
Epoch 9, Loss: 0.0004431116222093786
Epoch 10, Loss: 0.00037504718108218813
Epoch 11, Loss: 0.00033475598289384596
Epoch 12, Loss: 0.00029141003414470175
Epoch 13, Loss: 0.0002712194211681357
Epoch 14, Loss: 0.00024560158189605366
Epoch 15, Loss: 0.0002346759727852104
Epoch 16, Loss: 0.00023607830721995434
Epoch 17, Loss: 0.00022913354774427186
Epoch 18, Loss: 0.00021607934446064156
Epoch 19, Loss: 0.00021536376026076368
Epoch 20, Loss: 0.00021945569737565957
Epoch 21, Loss: 0.00020747468731565223
Epoch 22, Loss: 0.00019700000403156343
Epoch 23, Loss: 0.00020937362703927532
Epoch 24, Loss: 0.0001930846031221993
Epoch 25, Loss: 0.00019039715669687057
Epoch 26, Loss: 0.0001911711918817943
Epoch 27, Loss: 0.0001819276215687452
Epoch 28, Loss: 0.0001777524518625473
Epoch 29, Loss: 0.00017816657492202093
[I 2025-04-08 22:14:35,487] Trial 37 finished with value: 0.00018239596101921052 and parameters: {'hidden_dim': 100, 'num_layers': 1, 'dropout': 0.34725248314229556, 'learning_rate': 0.00018953878245694475}. Best is trial 17 with value: 8.57789782457985e-05.
Epoch 0, Loss: 0.010672020846357514
Epoch 1, Loss: 0.0006687104598751604
Epoch 2, Loss: 0.000506586107812593
Epoch 3, Loss: 0.0004261194431540781
Epoch 4, Loss: 0.0003684504171340543
Epoch 5, Loss: 0.0003511791820017567
Epoch 6, Loss: 0.0002912436750742387
Epoch 7, Loss: 0.00029883682945915416
Epoch 8, Loss: 0.0002710886393330137
Epoch 9, Loss: 0.0002496030803802684
Epoch 10, Loss: 0.00024856345947840935
Epoch 11, Loss: 0.00023735572888182788
Epoch 12, Loss: 0.00023626447300491242
Epoch 13, Loss: 0.00022438005188413738
Epoch 14, Loss: 0.00021715612108453796
Epoch 15, Loss: 0.000210478555077858
Epoch 16, Loss: 0.00020614067724749555
Epoch 17, Loss: 0.00020045160862672146
Epoch 18, Loss: 0.00020660220527748968
Epoch 19, Loss: 0.0001956830079582437
Epoch 20, Loss: 0.00018466239991734356
Epoch 21, Loss: 0.00018486777030032382
Epoch 22, Loss: 0.00018750618782246807
Epoch 23, Loss: 0.00017880918749850562
Epoch 24, Loss: 0.00017838756021816362
Epoch 25, Loss: 0.00017588788973747633
Epoch 26, Loss: 0.0001690941866214071
Epoch 27, Loss: 0.00017257895874016162
Epoch 28, Loss: 0.00017300668772530386
Epoch 29, Loss: 0.00017233055433410802
[I 2025-04-08 22:16:16,538] Trial 38 finished with value: 0.0002760655479505658 and parameters: {'hidden_dim': 135, 'num_layers': 3, 'dropout': 0.3945655177438374, 'learning_rate': 0.0008299375057830952}. Best is trial 17 with value: 8.57789782457985e-05.
/root/miniconda3/envs/srp_test/lib/python3.10/site-packages/torch/nn/modules/rnn.py:123: UserWarning: dropout option adds dropout after all but last recurrent layer, so non-zero dropout expects num_layers greater than 1, but got dropout=0.3208064235135913 and num_layers=1
  warnings.warn(
Epoch 0, Loss: 0.03417295127667468
Epoch 1, Loss: 0.004432483464354817
Epoch 2, Loss: 0.0005180816795411259
Epoch 3, Loss: 0.0003309875411302114
Epoch 4, Loss: 0.00028174026968409965
Epoch 5, Loss: 0.0002585443718308739
Epoch 6, Loss: 0.0002505493848685854
Epoch 7, Loss: 0.0002344409392258932
Epoch 8, Loss: 0.00022598482496007414
Epoch 9, Loss: 0.0002159165325257338
Epoch 10, Loss: 0.00020888055151924967
Epoch 11, Loss: 0.0002122113298273667
Epoch 12, Loss: 0.0001948632611491612
Epoch 13, Loss: 0.0001940640934656313
Epoch 14, Loss: 0.0001881496286543127
Epoch 15, Loss: 0.00018360260760025269
Epoch 16, Loss: 0.00017912167047548115
Epoch 17, Loss: 0.00017049641588227224
Epoch 18, Loss: 0.00017561532424839604
Epoch 19, Loss: 0.00016408945811437125
Epoch 20, Loss: 0.00016792711895723984
Epoch 21, Loss: 0.00016110711730839606
Epoch 22, Loss: 0.00015768719194944123
Epoch 23, Loss: 0.00015389745778184233
Epoch 24, Loss: 0.00015498369593001758
Epoch 25, Loss: 0.00015182504746501382
Epoch 26, Loss: 0.00015237553033044726
Epoch 27, Loss: 0.00015345079175829932
Epoch 28, Loss: 0.00015084812664991238
Epoch 29, Loss: 0.00014702038805788198
